# JRE version: Java(TM) SE Runtime Environment 18.9 (11.0.15+8) (build 11.0.15+8-LTS-149)
# Java VM: Java HotSpot(TM) 64-Bit Server VM 18.9 (11.0.15+8-LTS-149, mixed mode, tiered, compressed oops, g1 gc, windows-amd64)
Heap:
 garbage-first heap   total 525312K, used 296764K [0x0000000080000000, 0x0000000100000000)
  region size 1024K, 12 young (12288K), 1 survivors (1024K)
 Metaspace       used 180268K, capacity 186505K, committed 186748K, reserved 679936K
  class space    used 22459K, capacity 24813K, committed 24832K, reserved 516096K
GC Heap History (10 events):
Event: 8640.816 GC heap before
{Heap before GC invocations=379 (full 0):
 garbage-first heap   total 525312K, used 305233K [0x0000000080000000, 0x0000000100000000)
  region size 1024K, 25 young (25600K), 6 survivors (6144K)
 Metaspace       used 179901K, capacity 186059K, committed 186236K, reserved 677888K
  class space    used 22449K, capacity 24797K, committed 24832K, reserved 516096K
}
Event: 8644.060 GC heap after
{Heap after GC invocations=380 (full 0):
 garbage-first heap   total 525312K, used 286289K [0x0000000080000000, 0x0000000100000000)
  region size 1024K, 2 young (2048K), 2 survivors (2048K)
 Metaspace       used 179901K, capacity 186059K, committed 186236K, reserved 677888K
  class space    used 22449K, capacity 24797K, committed 24832K, reserved 516096K
}
Event: 8668.043 GC heap before
{Heap before GC invocations=380 (full 0):
 garbage-first heap   total 525312K, used 309841K [0x0000000080000000, 0x0000000100000000)
  region size 1024K, 25 young (25600K), 2 survivors (2048K)
 Metaspace       used 179943K, capacity 186136K, committed 186236K, reserved 677888K
  class space    used 22450K, capacity 24799K, committed 24832K, reserved 516096K
}
Event: 8668.081 GC heap after
{Heap after GC invocations=381 (full 0):
 garbage-first heap   total 525312K, used 287608K [0x0000000080000000, 0x0000000100000000)
  region size 1024K, 3 young (3072K), 3 survivors (3072K)
 Metaspace       used 179943K, capacity 186136K, committed 186236K, reserved 677888K
  class space    used 22450K, capacity 24799K, committed 24832K, reserved 516096K
}
Event: 8683.843 GC heap before
{Heap before GC invocations=382 (full 0):
 garbage-first heap   total 525312K, used 383706K [0x0000000080000000, 0x0000000100000000)
  region size 1024K, 88 young (90112K), 3 survivors (3072K)
 Metaspace       used 180190K, capacity 186406K, committed 186492K, reserved 677888K
  class space    used 22453K, capacity 24804K, committed 24832K, reserved 516096K
}
Event: 8683.908 GC heap after
{Heap after GC invocations=383 (full 0):
 garbage-first heap   total 525312K, used 290261K [0x0000000080000000, 0x0000000100000000)
  region size 1024K, 7 young (7168K), 7 survivors (7168K)
 Metaspace       used 180190K, capacity 186406K, committed 186492K, reserved 677888K
  class space    used 22453K, capacity 24804K, committed 24832K, reserved 516096K
}
Event: 8685.064 GC heap before
{Heap before GC invocations=383 (full 0):
 garbage-first heap   total 525312K, used 308693K [0x0000000080000000, 0x0000000100000000)
  region size 1024K, 25 young (25600K), 7 survivors (7168K)
 Metaspace       used 180229K, capacity 186424K, committed 186492K, reserved 677888K
  class space    used 22457K, capacity 24810K, committed 24832K, reserved 516096K
}
Event: 8685.159 GC heap after
{Heap after GC invocations=384 (full 0):
 garbage-first heap   total 525312K, used 287951K [0x0000000080000000, 0x0000000100000000)
  region size 1024K, 4 young (4096K), 4 survivors (4096K)
 Metaspace       used 180229K, capacity 186424K, committed 186492K, reserved 677888K
  class space    used 22457K, capacity 24810K, committed 24832K, reserved 516096K
}
Event: 8689.366 GC heap before
{Heap before GC invocations=384 (full 0):
 garbage-first heap   total 525312K, used 309455K [0x0000000080000000, 0x0000000100000000)
  region size 1024K, 25 young (25600K), 4 survivors (4096K)
 Metaspace       used 180259K, capacity 186503K, committed 186748K, reserved 679936K
  class space    used 22459K, capacity 24813K, committed 24832K, reserved 516096K
}
Event: 8689.400 GC heap after
{Heap after GC invocations=385 (full 0):
 garbage-first heap   total 525312K, used 287036K [0x0000000080000000, 0x0000000100000000)
  region size 1024K, 1 young (1024K), 1 survivors (1024K)
 Metaspace       used 180259K, capacity 186503K, committed 186748K, reserved 679936K
  class space    used 22459K, capacity 24813K, committed 24832K, reserved 516096K
}

